<?xml version="1.0" encoding="UTF-8"?>
<!-- Generated by org.testng.reporters.JUnitReportReporter -->
<testsuite skipped="0" hostname="Tester" name="testcases.TC_002" tests="1" failures="0" timestamp="07 Apr 2017 10:26:25 GMT" time="32.441" errors="0">
  <testcase name="testcase1" time="32.441" classname="testcases.TC_002"/>
</testsuite> <!-- testcases.TC_002 -->
