<?xml version="1.0" encoding="UTF-8"?>
<!-- Generated by org.testng.reporters.JUnitReportReporter -->
<testsuite skipped="0" hostname="Tester" name="testcases.TC_001" tests="1" failures="0" timestamp="07 Apr 2017 07:33:19 GMT" time="7.165" errors="0">
  <testcase name="testcase1" time="7.165" classname="testcases.TC_001"/>
</testsuite> <!-- testcases.TC_001 -->
